This is XeTeX, Version 3.14159265-2.6-0.999991 (TeX Live 2019/W32TeX) (preloaded format=xelatex 2020.2.10)  11 NOV 2021 18:29
entering extended mode
 restricted \write18 enabled.
 file:line:error style messages enabled.
 %&-line parsing enabled.
**d:/03_Learning/05_TEX/03_IEEE_templates/Computer_Society_LaTeX_template/IEEEtran/bare_jrnl_compsoc
(d:/03_Learning/05_TEX/03_IEEE_templates/Computer_Society_LaTeX_template/IEEEtran/bare_jrnl_compsoc.tex
LaTeX2e <2018-12-01>
(./IEEEtran.cls
Document Class: IEEEtran 2015/08/26 V1.8b by Michael Shell
-- See the "IEEEtran_HOWTO" manual for usage information.
-- http://www.michaelshell.org/tex/ieeetran/
\@IEEEtrantmpdimenA=\dimen102
\@IEEEtrantmpdimenB=\dimen103
\@IEEEtrantmpdimenC=\dimen104
\@IEEEtrantmpcountA=\count80
\@IEEEtrantmpcountB=\count81
\@IEEEtrantmpcountC=\count82
\@IEEEtrantmptoksA=\toks14
LaTeX Font Info:    Try loading font information for TU+ppl on input line 503.
LaTeX Font Info:    No file TUppl.fd. on input line 503.

LaTeX Font Warning: Font shape `TU/ppl/m/n' undefined
(Font)              using `TU/lmr/m/n' instead on input line 503.

-- Using IEEE Computer Society mode.
-- Using 8.5in x 11in (letter) paper.
-- Using DVI output.
\@IEEEnormalsizeunitybaselineskip=\dimen105
-- This is a 10 point document.
\CLASSINFOnormalsizebaselineskip=\dimen106
\CLASSINFOnormalsizeunitybaselineskip=\dimen107
\IEEEnormaljot=\dimen108

LaTeX Font Warning: Font shape `TU/ppl/bx/n' undefined
(Font)              using `TU/ppl/m/n' instead on input line 1090.


LaTeX Font Warning: Font shape `TU/ppl/m/it' undefined
(Font)              using `TU/ppl/m/n' instead on input line 1090.


LaTeX Font Warning: Font shape `TU/ppl/bx/it' undefined
(Font)              using `TU/ppl/bx/n' instead on input line 1090.

\IEEEquantizedlength=\dimen109
\IEEEquantizedlengthdiff=\dimen110
\IEEEquantizedtextheightdiff=\dimen111
\IEEEilabelindentA=\dimen112
\IEEEilabelindentB=\dimen113
\IEEEilabelindent=\dimen114
\IEEEelabelindent=\dimen115
\IEEEdlabelindent=\dimen116
\IEEElabelindent=\dimen117
\IEEEiednormlabelsep=\dimen118
\IEEEiedmathlabelsep=\dimen119
\IEEEiedtopsep=\skip41
\c@section=\count83
\c@subsection=\count84
\c@subsubsection=\count85
\c@paragraph=\count86
\c@IEEEsubequation=\count87
\abovecaptionskip=\skip42
\belowcaptionskip=\skip43
\c@figure=\count88
\c@table=\count89
\@IEEEeqnnumcols=\count90
\@IEEEeqncolcnt=\count91
\@IEEEsubeqnnumrollback=\count92
\@IEEEquantizeheightA=\dimen120
\@IEEEquantizeheightB=\dimen121
\@IEEEquantizeheightC=\dimen122
\@IEEEquantizeprevdepth=\dimen123
\@IEEEquantizemultiple=\count93
\@IEEEquantizeboxA=\box27
\@IEEEtmpitemindent=\dimen124
\IEEEPARstartletwidth=\dimen125
\c@IEEEbiography=\count94
\@IEEEtranrubishbin=\box28
) (c:/texlive/2019/texmf-dist/tex/latex/cite/cite.sty
LaTeX Info: Redefining \cite on input line 302.
LaTeX Info: Redefining \nocite on input line 332.
Package: cite 2015/02/27  v 5.5
)
No file bare_jrnl_compsoc.aux.
\openout1 = `bare_jrnl_compsoc.aux'.

LaTeX Font Info:    Checking defaults for OML/cmm/m/it on input line 370.
LaTeX Font Info:    ... okay on input line 370.
LaTeX Font Info:    Checking defaults for T1/cmr/m/n on input line 370.
LaTeX Font Info:    ... okay on input line 370.
LaTeX Font Info:    Checking defaults for OT1/cmr/m/n on input line 370.
LaTeX Font Info:    ... okay on input line 370.
LaTeX Font Info:    Checking defaults for OMS/cmsy/m/n on input line 370.
LaTeX Font Info:    ... okay on input line 370.
LaTeX Font Info:    Checking defaults for TU/lmr/m/n on input line 370.
LaTeX Font Info:    ... okay on input line 370.
LaTeX Font Info:    Checking defaults for OMX/cmex/m/n on input line 370.
LaTeX Font Info:    ... okay on input line 370.
LaTeX Font Info:    Checking defaults for U/cmr/m/n on input line 370.
LaTeX Font Info:    ... okay on input line 370.
-- Lines per column: 61 (exact).
LaTeX Font Info:    Try loading font information for TU+phv on input line 485.
LaTeX Font Info:    No file TUphv.fd. on input line 485.

LaTeX Font Warning: Font shape `TU/phv/m/n' undefined
(Font)              using `TU/lmr/m/n' instead on input line 485.


LaTeX Font Warning: Font shape `TU/phv/m/it' undefined
(Font)              using `TU/phv/m/n' instead on input line 485.


LaTeX Font Warning: Font shape `TU/phv/bx/n' undefined
(Font)              using `TU/phv/m/n' instead on input line 485.

LaTeX Font Info:    Calculating math sizes for size <8.03> on input line 485.
LaTeX Font Info:    External font `cmex10' loaded for size
(Font)              <8.03> on input line 485.
LaTeX Font Info:    External font `cmex10' loaded for size
(Font)              <5.62097> on input line 485.
LaTeX Font Info:    External font `cmex10' loaded for size
(Font)              <4.015> on input line 485.
LaTeX Font Info:    Calculating math sizes for size <11.04124> on input line 485.
LaTeX Font Info:    External font `cmex10' loaded for size
(Font)              <11.04124> on input line 485.
LaTeX Font Info:    External font `cmex10' loaded for size
(Font)              <7.72884> on input line 485.
LaTeX Font Info:    External font `cmex10' loaded for size
(Font)              <5.52061> on input line 485.
LaTeX Font Info:    Try loading font information for U+pzd on input line 485.
(c:/texlive/2019/texmf-dist/tex/latex/psnfss/upzd.fd
File: upzd.fd 2001/06/04 font definitions for U/pzd.
)

LaTeX Font Warning: Font shape `TU/phv/bx/sc' undefined
(Font)              using `TU/phv/bx/n' instead on input line 513.


LaTeX Font Warning: Font shape `TU/ppl/m/sc' undefined
(Font)              using `TU/ppl/m/n' instead on input line 540.

LaTeX Font Info:    Calculating math sizes for size <9.53561> on input line 541.
LaTeX Font Info:    External font `cmex10' loaded for size
(Font)              <9.53561> on input line 541.
LaTeX Font Info:    External font `cmex10' loaded for size
(Font)              <6.6749> on input line 541.
LaTeX Font Info:    External font `cmex10' loaded for size
(Font)              <4.7678> on input line 541.
LaTeX Font Info:    Calculating math sizes for size <7.02625> on input line 785.
LaTeX Font Info:    External font `cmex10' loaded for size
(Font)              <7.02625> on input line 785.
LaTeX Font Info:    External font `cmex10' loaded for size
(Font)              <4.91833> on input line 785.
LaTeX Font Info:    External font `cmex10' loaded for size
(Font)              <3.51312> on input line 785.
[1


] (./bare_jrnl_compsoc.aux)

LaTeX Font Warning: Some font shapes were not available, defaults substituted.


LaTeX Warning: Label(s) may have changed. Rerun to get cross-references right.

 ) 
Here is how much of TeX's memory you used:
 1195 strings out of 492922
 22299 string characters out of 6136751
 90519 words of memory out of 5000000
 5289 multiletter control sequences out of 15000+600000
 6875 words of font info for 41 fonts, out of 8000000 for 9000
 1351 hyphenation exceptions out of 8191
 31i,8n,31p,289b,324s stack positions out of 5000i,500n,10000p,200000b,80000s

Output written on bare_jrnl_compsoc.pdf (1 page).
