\BOOKMARK [1][-]{section.1}{\376\377\133\236\232\214\166\356\166\204}{}% 1
\BOOKMARK [1][-]{section.2}{\376\377\000C\000N\000N\176\323\147\204\116\313\176\315}{}% 2
\BOOKMARK [1][-]{section.3}{\376\377\147\204\136\372\123\167\171\357\171\136\176\317\177\121\176\334\166\204\134\102}{}% 3
\BOOKMARK [2][-]{subsection.3.1}{\376\377\123\167\171\357\134\102}{section.3}% 4
\BOOKMARK [3][-]{subsubsection.3.1.1}{\376\377\123\167\171\357\134\102\166\204\117\134\165\050}{subsection.3.1}% 5
\BOOKMARK [3][-]{subsubsection.3.1.2}{\376\377\141\037\123\327\221\316}{subsection.3.1}% 6
\BOOKMARK [3][-]{subsubsection.3.1.3}{\376\377\171\136\176\317\121\103\166\204\172\172\225\364\143\222\122\027}{subsection.3.1}% 7
\BOOKMARK [3][-]{subsubsection.3.1.4}{\376\377\147\103\120\074\121\161\116\253}{subsection.3.1}% 8
\BOOKMARK [3][-]{subsubsection.3.1.5}{\376\377\123\167\171\357\134\102\166\204\215\205\123\302\145\160\123\312\220\011\142\351}{subsection.3.1}% 9
\BOOKMARK [3][-]{subsubsection.3.1.6}{\376\377\133\236\163\260\123\167\171\357\166\204\144\315\117\134}{subsection.3.1}% 10
\BOOKMARK [2][-]{subsection.3.2}{\376\377\154\140\123\026\134\102}{section.3}% 11
\BOOKMARK [2][-]{subsection.3.3}{\376\377\137\122\116\000\123\026\134\102}{section.3}% 12
\BOOKMARK [2][-]{subsection.3.4}{\376\377\121\150\217\336\143\245\134\102}{section.3}% 13
\BOOKMARK [3][-]{subsubsection.3.4.1}{\376\377\134\006\123\167\171\357\134\102\217\154\123\026\116\072\121\150\217\336\143\245\134\102}{subsection.3.4}% 14
\BOOKMARK [3][-]{subsubsection.3.4.2}{\376\377\134\006\121\150\217\336\143\245\134\102\217\154\123\026\116\072\123\167\171\357\134\102}{subsection.3.4}% 15
\BOOKMARK [1][-]{section.4}{\376\377\123\167\171\357\171\136\176\317\177\121\176\334\176\323\147\204}{}% 16
\BOOKMARK [2][-]{subsection.4.1}{\376\377\134\102\166\204\143\222\122\027\211\304\137\213}{section.4}% 17
\BOOKMARK [2][-]{subsection.4.2}{\376\377\123\167\171\357\134\102\131\047\134\017\166\204\220\011\142\351}{section.4}% 18
\BOOKMARK [2][-]{subsection.4.3}{\376\377\134\102\166\204\134\072\133\370\213\276\177\156\211\304\137\213}{section.4}% 19
\BOOKMARK [1][-]{section.5}{\376\377\000C\000N\000N\213\241\173\227\116\012\166\204\200\003\221\317}{}% 20
\BOOKMARK [1][-]{section.6}{\376\377\133\236\232\214\217\307\172\013}{}% 21
\BOOKMARK [2][-]{subsection.6.1}{\376\377\000c\000o\000l\000o\000r\000\040\000p\000u\000s\000h\000\040\000g\000r\000a\000y\000\040\0000\000c\000o\000l\000o\000r\000\040\000p\000o\000p\000S\000e\000q\000\137\000C\000N\000N\000\137\000c\000o\000u\000r\000s\000e\000[\000g\000r\000a\000y\000]\0000\000.\0009\000c\000o\000l\000o\000r\000\040\000p\000u\000s\000h\000\040\000g\000r\000a\000y\000\040\0000\000c\000o\000l\000o\000r\000\040\000p\000o\000p\000t\000o\000w\000i\000d\000t\000h\000h\000e\000i\000g\000h\000t\000d\000e\000p\000t\000h\116\343\170\001\122\006\147\220}{section.6}% 22
\BOOKMARK [2][-]{subsection.6.2}{\376\377\000c\000o\000l\000o\000r\000\040\000p\000u\000s\000h\000\040\000g\000r\000a\000y\000\040\0000\000c\000o\000l\000o\000r\000\040\000p\000o\000p\000C\000u\000d\000a\000\137\000C\000N\000N\000\137\000p\000t\000r\000[\000g\000r\000a\000y\000]\0000\000.\0009\000c\000o\000l\000o\000r\000\040\000p\000u\000s\000h\000\040\000g\000r\000a\000y\000\040\0000\000c\000o\000l\000o\000r\000\040\000p\000o\000p\000t\000o\000w\000i\000d\000t\000h\000h\000e\000i\000g\000h\000t\000d\000e\000p\000t\000h\116\343\170\001\122\006\147\220\153\324\217\203}{section.6}% 23
\BOOKMARK [3][-]{subsubsection.6.2.1}{\376\377\000C\000U\000D\000A\173\200\116\313}{subsection.6.2}% 24
\BOOKMARK [3][-]{subsubsection.6.2.2}{\376\377\000C\000U\000D\000A\177\026\172\013\152\041\127\213\127\372\170\100}{subsection.6.2}% 25
\BOOKMARK [3][-]{subsubsection.6.2.3}{\376\377\116\343\170\001\122\006\147\220\153\324\217\203}{subsection.6.2}% 26
\BOOKMARK [2][-]{subsection.6.3}{\376\377\146\364\145\071\177\121\176\334\215\205\123\302\145\160\000\050\160\274\116\071\000\051}{section.6}% 27
\BOOKMARK [3][-]{subsubsection.6.3.1}{\376\377\133\146\116\140\163\207\214\003\123\302}{subsection.6.3}% 28
\BOOKMARK [3][-]{subsubsection.6.3.2}{\376\377\145\071\123\330\123\167\171\357\150\070\153\145\225\177\000\050\000S\000t\000r\000i\000d\000e\000\051}{subsection.6.3}% 29
\BOOKMARK [3][-]{subsubsection.6.3.3}{\376\377\154\140\123\026\134\102\214\003\123\302}{subsection.6.3}% 30
\BOOKMARK [2][-]{subsection.6.4}{\376\377\217\320\210\114\220\037\136\246\166\204\153\324\217\203}{section.6}% 31
\BOOKMARK [1][-]{section.7}{\376\377\133\236\232\214\141\037\140\363}{}% 32
