\BOOKMARK [1][-]{section.1}{\376\377\142\227\145\345\142\030\116\211\200\334\122\051\124\016\166\204\145\366\134\100\124\214\142\021\116\354\166\204\145\271\224\210}{}% 1
\BOOKMARK [1][-]{section.2}{\376\377\204\213\116\313\167\363\127\050\143\021\122\250\121\205\142\030}{}% 2
\BOOKMARK [1][-]{section.3}{\376\377\173\054\123\101\121\153\226\306\126\342\121\233\140\073\123\370\116\344\176\331\204\213\116\313\167\363\166\204\116\044\116\052\165\065\142\245}{}% 3
\BOOKMARK [1][-]{section.4}{\376\377\213\304\204\213\116\313\167\363\123\321\212\000\116\272\214\010\213\335}{}% 4
\BOOKMARK [1][-]{section.5}{\376\377\116\055\121\161\116\055\131\056\121\163\116\216\124\014\126\375\154\021\121\132\217\333\210\114\124\214\136\163\214\010\122\044\166\204\220\032\167\345}{}% 5
\BOOKMARK [1][-]{section.6}{\376\377\121\163\116\216\221\315\136\206\214\010\122\044}{}% 6
\BOOKMARK [1][-]{section.7}{\376\377\126\375\154\021\121\132\217\333\145\073\166\204\167\037\166\370}{}% 7
\BOOKMARK [1][-]{section.8}{\376\377\121\317\171\337\124\214\165\037\116\247\146\057\117\335\123\153\211\343\145\076\123\072\166\204\116\044\116\366\131\047\116\213}{}% 8
\BOOKMARK [1][-]{section.9}{\376\377\116\000\116\135\126\333\121\155\136\164\211\343\145\076\123\072\135\345\117\134\166\204\145\271\224\210}{}% 9
\BOOKMARK [1][-]{section.10}{\376\377\136\372\172\313\135\351\126\372\166\204\116\034\123\027\150\071\143\156\127\060}{}% 10
\BOOKMARK [1][-]{section.11}{\376\377\121\163\116\216\166\356\122\115\126\375\226\105\137\142\122\277\166\204\121\340\160\271\117\060\213\241}{}% 11
\BOOKMARK [1][-]{section.12}{\376\377\116\345\201\352\123\153\142\030\116\211\174\211\170\216\204\213\116\313\167\363\166\204\217\333\145\073}{}% 12
\BOOKMARK [1][-]{section.13}{\376\377\124\214\177\216\126\375\213\260\200\005\133\211\132\034\000\267\215\357\146\023\145\257\000\267\145\257\162\171\147\027\044\164\166\204\214\010\213\335}{}% 13
\BOOKMARK [1][-]{section.14}{\376\377\226\306\116\055\117\030\122\277\121\165\122\233\377\014\124\004\116\052\153\174\160\155\145\114\116\272}{}% 14
\BOOKMARK [1][-]{section.15}{\376\377\177\216\126\375\040\034\214\003\211\343\040\035\167\037\166\370\124\214\116\055\126\375\121\205\142\030\122\115\220\024\040\024\040\024\124\214\177\216\126\375\213\260\200\005\145\257\204\202\134\024\166\204\214\010\213\335}{}% 15
\BOOKMARK [1][-]{section.16}{\376\377\116\011\116\052\147\010\140\073\176\323}{}% 16
\BOOKMARK [1][-]{section.17}{\376\377\217\316\143\245\116\055\126\375\227\151\124\175\166\204\145\260\232\330\157\156}{}% 17
\BOOKMARK [1][-]{section.18}{\376\377\116\055\121\161\116\055\131\056\121\163\116\216\146\202\145\366\145\076\137\003\136\366\133\211\124\214\117\335\123\153\226\125\165\030\133\201\217\271\123\072\166\204\116\044\116\052\145\207\116\366}{}% 18
\BOOKMARK [1][-]{section.19}{\376\377\121\163\116\216\211\177\123\027\142\030\127\072\166\204\117\134\142\030\145\271\224\210}{}% 19
\BOOKMARK [1][-]{section.20}{\376\377\204\213\116\313\167\363\145\077\136\234\135\362\131\004\127\050\121\150\154\021\166\204\123\005\126\364\116\055}{}% 20
\BOOKMARK [1][-]{section.21}{\376\377\211\343\145\076\142\030\116\211\173\054\116\214\136\164\166\204\142\030\165\145\145\271\224\210}{}% 21
\BOOKMARK [1][-]{section.22}{\376\377\116\055\126\375\116\272\154\021\211\343\145\076\121\233\133\243\212\000}{}% 22
\BOOKMARK [1][-]{section.23}{\376\377\116\055\126\375\116\272\154\021\211\343\145\076\121\233\140\073\220\350\121\163\116\216\221\315\210\114\230\201\136\003\116\011\131\047\176\252\137\213\121\153\230\171\154\350\141\017\166\204\213\255\116\344}{}% 23
\BOOKMARK [1][-]{section.24}{\376\377\166\356\122\115\137\142\122\277\124\214\142\021\116\354\166\204\116\373\122\241}{}% 24
\BOOKMARK [1][-]{section.25}{\376\377\121\163\116\216\136\372\172\313\142\245\124\112\122\066\136\246}{}% 25
\BOOKMARK [1][-]{section.26}{\376\377\121\163\116\216\166\356\122\115\121\132\166\204\145\077\173\126\116\055\166\204\121\340\116\052\221\315\211\201\225\356\230\230}{}% 26
\BOOKMARK [1][-]{section.27}{\376\377\121\233\226\037\121\205\220\350\166\204\154\021\116\073\217\320\122\250}{}% 27
\BOOKMARK [1][-]{section.28}{\376\377\127\050\116\015\124\014\127\060\123\072\133\236\145\275\127\037\127\060\154\325\166\204\116\015\124\014\173\126\165\145}{}% 28
\BOOKMARK [1][-]{section.29}{\376\377\176\240\153\143\127\037\127\060\145\071\227\151\133\243\117\040\116\055\166\204\040\034\135\346\040\035\120\076\225\031\213\357}{}% 29
\BOOKMARK [1][-]{section.30}{\376\377\145\260\211\343\145\076\123\072\127\037\127\060\145\071\227\151\211\201\160\271}{}% 30
\BOOKMARK [1][-]{section.31}{\376\377\121\163\116\216\135\345\125\106\116\032\145\077\173\126}{}% 31
\BOOKMARK [1][-]{section.32}{\376\377\121\163\116\216\154\021\145\317\215\104\116\247\226\066\176\247\124\214\137\000\146\016\176\305\130\353\225\356\230\230}{}% 32
\BOOKMARK [1][-]{section.33}{\376\377\213\304\211\177\123\027\131\047\143\167\121\174\213\272\211\343\145\076\121\233\166\204\145\260\137\017\145\164\121\233\217\320\122\250}{}% 33
\BOOKMARK [1][-]{section.34}{\376\377\121\163\116\216\140\305\121\265\166\204\220\032\142\245}{}% 34
\BOOKMARK [1][-]{section.35}{\376\377\127\050\146\113\176\345\136\162\220\350\117\032\213\256\116\012\166\204\213\262\213\335}{}% 35
\BOOKMARK [1][-]{section.36}{\376\377\133\371\146\113\176\345\145\345\142\245\177\026\217\221\116\272\124\130\166\204\214\010\213\335}{}% 36
\BOOKMARK [1][-]{section.37}{\376\377\121\215\121\113\155\033\226\063\124\016\176\331\155\033\226\063\122\115\176\277\143\007\143\045\220\350\166\204\165\065\142\245}{}% 37
\BOOKMARK [1][-]{section.38}{\376\377\145\260\211\343\145\076\123\072\121\234\147\121\135\345\117\134\166\204\173\126\165\145\225\356\230\230}{}% 38
\BOOKMARK [1][-]{section.39}{\376\377\116\000\116\135\126\333\121\153\136\164\166\204\127\037\127\060\145\071\227\151\135\345\117\134\124\214\145\164\121\132\135\345\117\134}{}% 39
\BOOKMARK [1][-]{section.40}{\376\377\121\163\116\216\217\275\154\210\142\030\137\171\044\164\166\204\117\134\142\030\145\271\224\210}{}% 40
\BOOKMARK [1][-]{section.41}{\376\377\121\163\116\216\120\145\121\150\121\132\131\324\122\066}{}% 41
\BOOKMARK [1][-]{section.42}{\376\377\116\055\121\161\116\055\131\056\121\163\116\216\116\135\147\010\117\032\213\256\166\204\220\032\167\345}{}% 42
\BOOKMARK [1][-]{section.43}{\376\377\121\163\116\216\155\356\155\167\142\030\137\171\166\204\166\204\117\134\142\030\145\271\224\210}{}% 43
\BOOKMARK [1][-]{section.44}{\376\377\121\150\116\026\165\114\227\151\124\175\122\233\221\317\126\342\176\323\215\167\147\145\377\014\123\315\133\371\136\035\126\375\116\073\116\111\166\204\117\265\165\145}{}% 44
\BOOKMARK [1][-]{section.45}{\376\377\116\055\126\375\121\233\116\213\137\142\122\277\166\204\221\315\131\047\123\330\123\026}{}% 45
\BOOKMARK [1][-]{section.46}{\376\377\121\163\116\216\136\163\155\045\142\030\137\171\044\164\166\204\117\134\142\030\145\271\224\210}{}% 46
\BOOKMARK [1][-]{section.47}{\376\377\145\146\117\303\147\134\200\177\146\016\173\111\142\225\226\115\116\146}{}% 47
\BOOKMARK [1][-]{section.48}{\376\377\134\006\227\151\124\175\217\333\210\114\122\060\136\225}{}% 48
\BOOKMARK [1][-]{section.49}{\376\377\213\304\142\030\162\257\154\102\124\214}{}% 49
\BOOKMARK [1][-]{section.50}{\376\377\116\055\121\161\116\055\131\056\153\333\154\375\116\034\116\073\136\055\121\163\116\216\145\366\134\100\166\204\130\360\146\016}{}% 50
\BOOKMARK [1][-]{section.51}{\376\377\116\055\121\161\123\321\212\000\116\272\213\304\123\127\116\254\210\114\145\077\226\142\166\204\121\263\213\256}{}% 51
\BOOKMARK [1][-]{section.52}{\376\377\116\055\121\161\123\321\212\000\116\272\121\163\116\216\124\175\116\344\126\375\154\021\121\132\123\315\122\250\145\077\136\234\221\315\145\260\220\056\143\125\122\115\145\345\147\054\117\265\123\116\121\233\140\073\123\370\116\344\121\210\147\121\133\201\153\041\124\214\220\056\143\125\126\375\154\021\121\132\121\205\142\030\177\152\162\257\166\204\214\010\213\335\000\040}{}% 52
\BOOKMARK [1][-]{section.53}{\376\377\116\055\121\161\123\321\212\000\116\272\121\163\116\216\124\214\136\163\147\141\116\366\137\305\230\173\123\005\142\354\140\351\122\236\145\345\147\054\142\030\162\257\124\214\126\375\154\021\121\132\142\030\162\257\166\204\130\360\146\016\000\040}{}% 53
\BOOKMARK [1][-]{section.54}{\376\377\142\212\121\233\226\037\123\330\116\072\135\345\117\134\226\037}{}% 54
\BOOKMARK [1][-]{section.55}{\376\377\126\333\122\006\116\224\210\302\166\204\123\315\122\250\155\076\116\072\116\300\116\110\217\330\211\201\172\172\125\212\040\034\121\150\227\142\124\214\136\163\040\035\377\037}{}% 55
\BOOKMARK [1][-]{section.56}{\376\377\126\375\154\021\121\132\123\315\122\250\155\076\165\061\040\034\124\174\124\001\124\214\136\163\040\035\123\330\116\072\124\174\124\001\142\030\116\211}{}% 56
\BOOKMARK [1][-]{section.57}{\376\377\213\304\126\375\154\021\121\132\133\371\142\030\116\211\215\043\116\373\225\356\230\230\166\204\121\340\171\315\173\124\150\110}{}% 57
\BOOKMARK [1][-]{section.58}{\376\377\127\050\116\055\126\375\121\161\116\247\121\132\173\054\116\003\134\112\116\055\131\056\131\324\124\130\117\032\173\054\116\214\153\041\121\150\117\123\117\032\213\256\116\012\166\204\142\245\124\112}{}% 58
\BOOKMARK [1][-]{section.59}{\376\377\121\132\131\324\117\032\166\204\135\345\117\134\145\271\154\325}{}% 59
\BOOKMARK [1][-]{section.60}{\376\377\123\127\116\254\145\077\136\234\124\021\117\125\131\004\123\273\377\037}{}% 60
\BOOKMARK [1][-]{section.61}{\376\377\124\021\121\150\126\375\217\333\121\233\166\204\124\175\116\344}{}% 61
\BOOKMARK [1][-]{section.62}{\376\377\116\055\126\375\116\272\154\021\211\343\145\076\121\233\136\003\124\112}{}% 62
\BOOKMARK [1][-]{section.63}{\376\377\116\055\126\375\116\272\154\021\211\343\145\076\121\233\140\073\220\350\123\321\212\000\116\272\116\072\202\361\126\375\121\233\202\060\146\264\210\114\044\164\123\321\210\150\166\204\130\360\146\016}{}% 63
\BOOKMARK [1][-]{section.64}{\376\377\127\050\145\260\145\077\154\273\123\117\125\106\117\032\213\256\173\171\131\007\117\032\116\012\166\204\213\262\213\335}{}% 64
\BOOKMARK [1][-]{section.65}{\376\377\213\272\116\272\154\021\154\021\116\073\116\023\145\077}{}% 65
\BOOKMARK [1][-]{section.66}{\376\377\116\042\143\211\136\173\140\363\377\014\121\306\131\007\145\227\116\211}{}% 66
\BOOKMARK [1][-]{section.67}{\376\377\122\053\116\206\377\014\123\370\137\222\226\367\166\173}{}% 67
\BOOKMARK [1][-]{section.68}{\376\377\040\034\123\313\214\012\040\035\377\014\217\330\146\057\117\265\165\145\377\037}{}% 68
\BOOKMARK [1][-]{section.69}{\376\377\116\072\116\300\116\110\211\201\213\250\213\272\166\175\166\256\116\146\377\037}{}% 69
\BOOKMARK [1][-]{section.70}{\376\377\125\057\137\303\123\206\123\362\211\302\166\204\170\064\116\247}{}% 70
