\BOOKMARK [1][-]{section.1}{\376\377\000C\0001\000.\0001\0002\000\040\165\050\213\241\173\227\147\072\116\247\165\037\201\352\123\117\145\271\135\356\136\217\122\027}{}% 1
\BOOKMARK [2][-]{subsection.1.1}{\376\377\000Q\000u\000e\000s\000t\000i\000o\000n\000\040\000S\000t\000a\000t\000e\000m\000e\000n\000t}{section.1}% 2
\BOOKMARK [2][-]{subsection.1.2}{\376\377\000S\000o\000l\000u\000t\000i\000o\000n}{section.1}% 3
\BOOKMARK [3][-]{subsubsection.1.2.1}{\376\377\000T\000h\000e\000\040\000S\000o\000l\000u\000t\000i\000o\000n\000\040\000o\000f\000\040\000\050\000a\000\051}{subsection.1.2}% 4
\BOOKMARK [3][-]{subsubsection.1.2.2}{\376\377\000T\000h\000e\000\040\000S\000o\000l\000u\000t\000i\000o\000n\000\040\000o\000f\000\040\000\050\000b\000\051}{subsection.1.2}% 5
\BOOKMARK [3][-]{subsubsection.1.2.3}{\376\377\000T\000h\000e\000\040\000S\000o\000l\000u\000t\000i\000o\000n\000\040\000o\000f\000\040\000\050\000c\000\051}{subsection.1.2}% 6
\BOOKMARK [3][-]{subsubsection.1.2.4}{\376\377\000T\000h\000e\000\040\000S\000o\000l\000u\000t\000i\000o\000n\000\040\000o\000f\000\040\000\050\000d\000\051}{subsection.1.2}% 7
\BOOKMARK [3][-]{subsubsection.1.2.5}{\376\377\000T\000h\000e\000\040\000S\000o\000l\000u\000t\000i\000o\000n\000\040\000o\000f\000\040\000\050\000e\000\051}{subsection.1.2}% 8
\BOOKMARK [1][-]{section.2}{\376\377\000C\0002\000.\0002\0000\000\040\124\150\147\037\126\376\166\204\122\006\217\250\163\207\124\214\154\304\227\062\162\171\140\047}{}% 9
\BOOKMARK [2][-]{subsection.2.1}{\376\377\000Q\000u\000e\000s\000t\000i\000o\000n\000\040\000S\000t\000a\000t\000e\000m\000e\000n\000t}{section.2}% 10
\BOOKMARK [2][-]{subsection.2.2}{\376\377\000T\000h\000e\000\040\000F\000e\000a\000t\000u\000r\000e\000\040\000o\000f\000\040\000R\000e\000s\000o\000l\000u\000t\000i\000o\000n}{section.2}% 11
\BOOKMARK [3][-]{subsubsection.2.2.1}{\376\377\000T\000h\000e\000\040\000S\000o\000l\000u\000t\000i\000o\000n\000\040\000o\000f\000\040\000\050\000a\000\051}{subsection.2.2}% 12
\BOOKMARK [3][-]{subsubsection.2.2.2}{\376\377\000T\000h\000e\000\040\000S\000o\000l\000u\000t\000i\000o\000n\000\040\000o\000f\000\040\000\050\000b\000\051}{subsection.2.2}% 13
\BOOKMARK [3][-]{subsubsection.2.2.3}{\376\377\000T\000h\000e\000\040\000S\000o\000l\000u\000t\000i\000o\000n\000\040\000o\000f\000\040\000\050\000c\000\051}{subsection.2.2}% 14
\BOOKMARK [3][-]{subsubsection.2.2.4}{\376\377\000T\000h\000e\000\040\000S\000o\000l\000u\000t\000i\000o\000n\000\040\000o\000f\000\040\000\050\000d\000\051}{subsection.2.2}% 15
\BOOKMARK [2][-]{subsection.2.3}{\376\377\000S\000p\000e\000c\000t\000r\000a\000l\000\040\000L\000e\000a\000k\000a\000g\000e}{section.2}% 16
\BOOKMARK [3][-]{subsubsection.2.3.1}{\376\377\000T\000h\000e\000\040\000S\000o\000l\000u\000t\000i\000o\000n\000\040\000o\000f\000\040\000\050\000a\000\051}{subsection.2.3}% 17
\BOOKMARK [3][-]{subsubsection.2.3.2}{\376\377\000T\000h\000e\000\040\000S\000o\000l\000u\000t\000i\000o\000n\000\040\000o\000f\000\040\000\050\000b\000\051}{subsection.2.3}% 18
\BOOKMARK [3][-]{subsubsection.2.3.3}{\376\377\000T\000h\000e\000\040\000S\000o\000l\000u\000t\000i\000o\000n\000\040\000o\000f\000\040\000\050\000c\000\051}{subsection.2.3}% 19
\BOOKMARK [3][-]{subsubsection.2.3.4}{\376\377\000T\000h\000e\000\040\000S\000o\000l\000u\000t\000i\000o\000n\000\040\000o\000f\000\040\000\050\000d\000\051}{subsection.2.3}% 20
