\BOOKMARK [1][-]{section.1}{\376\377\136\163\172\063\226\217\147\072\217\307\172\013\166\204\214\061\122\006\147\220\230\230\166\356\116\000}{}% 1
\BOOKMARK [2][-]{subsection.1.1}{\376\377\170\024\172\166\140\035\215\357}{section.1}% 2
\BOOKMARK [2][-]{subsection.1.2}{\376\377\170\024\172\166\217\307\172\013}{section.1}% 3
\BOOKMARK [2][-]{subsection.1.3}{\376\377\170\024\172\166\176\323\147\234}{section.1}% 4
\BOOKMARK [2][-]{subsection.1.4}{\376\377\176\323\147\234\122\006\147\220}{section.1}% 5
\BOOKMARK [1][-]{section.2}{\376\377\136\163\172\063\226\217\147\072\217\307\172\013\166\204\214\061\122\006\147\220\230\230\166\356\116\214}{}% 6
\BOOKMARK [2][-]{subsection.2.1}{\376\377\164\006\213\272\121\154\137\017\143\250\133\374}{section.2}% 7
\BOOKMARK [2][-]{subsection.2.2}{\376\377\166\364\143\245\154\325\154\102\122\237\163\207\214\061\133\306\136\246}{section.2}% 8
\BOOKMARK [3][-]{subsubsection.2.2.1}{\376\377\170\024\172\166\217\307\172\013}{subsection.2.2}% 9
\BOOKMARK [3][-]{subsubsection.2.2.2}{\376\377\170\024\172\166\176\323\147\234}{subsection.2.2}% 10
\BOOKMARK [3][-]{subsubsection.2.2.3}{\376\377\176\323\147\234\122\006\147\220}{subsection.2.2}% 11
\BOOKMARK [2][-]{subsection.2.3}{\376\377\225\364\143\245\154\325\154\102\122\237\163\207\214\061\133\306\136\246}{section.2}% 12
\BOOKMARK [3][-]{subsubsection.2.3.1}{\376\377\170\024\172\166\217\307\172\013}{subsection.2.3}% 13
\BOOKMARK [3][-]{subsubsection.2.3.2}{\376\377\170\024\172\166\176\323\147\234}{subsection.2.3}% 14
\BOOKMARK [3][-]{subsubsection.2.3.3}{\376\377\176\323\147\234\122\006\147\220}{subsection.2.3}% 15
\BOOKMARK [2][-]{subsection.2.4}{\376\377\170\024\172\166\176\323\213\272}{section.2}% 16
\BOOKMARK [1][-]{section.3}{\376\377\172\204\136\046\226\217\147\072\217\307\172\013\230\230\166\356\116\000}{}% 17
\BOOKMARK [2][-]{subsection.3.1}{\376\377\170\024\172\166\217\307\172\013}{section.3}% 18
\BOOKMARK [2][-]{subsection.3.2}{\376\377\170\024\172\166\176\323\147\234}{section.3}% 19
\BOOKMARK [1][-]{section.4}{\376\377\172\204\136\046\226\217\147\072\217\307\172\013\230\230\166\356\116\214}{}% 20
\BOOKMARK [2][-]{subsection.4.1}{\376\377\170\024\172\166\217\307\172\013}{section.4}% 21
\BOOKMARK [2][-]{subsection.4.2}{\376\377\170\024\172\166\176\323\147\234}{section.4}% 22
\BOOKMARK [2][-]{subsection.4.3}{\376\377\176\323\147\234\122\006\147\220}{section.4}% 23
\BOOKMARK [1][-]{section.5}{\376\377\170\024\172\166\140\073\176\323}{}% 24
